  plane.cpp
  World.cpp
  Utility.cpp
  TitleState.cpp
c:\users\bunny\desktop\classes\firstterm\game dev c++\cf-frogger\cf-frogger\titlestate.cpp(15): warning C4305: 'argument': truncation from 'double' to 'float'
  TextureHolder.cpp
  TextNode.cpp
  StateStack.cpp
  State.cpp
  SpriteNode.cpp
  Source.cpp
  SoundPlayer.cpp
  SoundNode.cpp
  SoundBufferHolder.cpp
  SceneNode.cpp
  PlayerControl.cpp
  PauseState.cpp
  ParticleNode.cpp
  MenuState.cpp
  Label.cpp
  GexState.cpp
  Generating Code...
  Compiling...
  GameState.cpp
  GameOver.cpp
  FontHolder.cpp
  Entity.cpp
  Emmitter.cpp
  DataTables.cpp
  Button.cpp
  Application.cpp
  Generating Code...
  LINK : C:\Users\bunny\Desktop\Classes\FirstTerm\Game Dev C++\CF-Frogger\Debug\CF-Frogger.exe not found or not built by the last incremental link; performing full link
  CF-Frogger.vcxproj -> C:\Users\bunny\Desktop\Classes\FirstTerm\Game Dev C++\CF-Frogger\Debug\CF-Frogger.exe
  CF-Frogger.vcxproj -> C:\Users\bunny\Desktop\Classes\FirstTerm\Game Dev C++\CF-Frogger\Debug\CF-Frogger.pdb (Partial PDB)
