c:\users\bunny\desktop\classes\firstterm\game dev c++\cf-frogger\cf-frogger\debug\vc140.pdb
c:\users\bunny\desktop\classes\firstterm\game dev c++\cf-frogger\cf-frogger\debug\vc140.idb
c:\users\bunny\desktop\classes\firstterm\game dev c++\cf-frogger\cf-frogger\debug\label.obj
c:\users\bunny\desktop\classes\firstterm\game dev c++\cf-frogger\cf-frogger\debug\menustate.obj
c:\users\bunny\desktop\classes\firstterm\game dev c++\cf-frogger\cf-frogger\debug\musicplayer.obj
c:\users\bunny\desktop\classes\firstterm\game dev c++\cf-frogger\cf-frogger\debug\particlenode.obj
c:\users\bunny\desktop\classes\firstterm\game dev c++\cf-frogger\cf-frogger\debug\pausestate.obj
c:\users\bunny\desktop\classes\firstterm\game dev c++\cf-frogger\cf-frogger\debug\plane.obj
c:\users\bunny\desktop\classes\firstterm\game dev c++\cf-frogger\cf-frogger\debug\playercontrol.obj
c:\users\bunny\desktop\classes\firstterm\game dev c++\cf-frogger\cf-frogger\debug\scenenode.obj
c:\users\bunny\desktop\classes\firstterm\game dev c++\cf-frogger\cf-frogger\debug\soundbufferholder.obj
c:\users\bunny\desktop\classes\firstterm\game dev c++\cf-frogger\cf-frogger\debug\soundnode.obj
c:\users\bunny\desktop\classes\firstterm\game dev c++\cf-frogger\cf-frogger\debug\soundplayer.obj
c:\users\bunny\desktop\classes\firstterm\game dev c++\cf-frogger\cf-frogger\debug\source.obj
c:\users\bunny\desktop\classes\firstterm\game dev c++\cf-frogger\cf-frogger\debug\spritenode.obj
c:\users\bunny\desktop\classes\firstterm\game dev c++\cf-frogger\cf-frogger\debug\state.obj
c:\users\bunny\desktop\classes\firstterm\game dev c++\cf-frogger\cf-frogger\debug\statestack.obj
c:\users\bunny\desktop\classes\firstterm\game dev c++\cf-frogger\cf-frogger\debug\textnode.obj
c:\users\bunny\desktop\classes\firstterm\game dev c++\cf-frogger\cf-frogger\debug\textureholder.obj
c:\users\bunny\desktop\classes\firstterm\game dev c++\cf-frogger\cf-frogger\debug\titlestate.obj
c:\users\bunny\desktop\classes\firstterm\game dev c++\cf-frogger\cf-frogger\debug\utility.obj
c:\users\bunny\desktop\classes\firstterm\game dev c++\cf-frogger\cf-frogger\debug\world.obj
c:\users\bunny\desktop\classes\firstterm\game dev c++\cf-frogger\cf-frogger\debug\animation.obj
c:\users\bunny\desktop\classes\firstterm\game dev c++\cf-frogger\cf-frogger\debug\animation2.obj
c:\users\bunny\desktop\classes\firstterm\game dev c++\cf-frogger\cf-frogger\debug\application.obj
c:\users\bunny\desktop\classes\firstterm\game dev c++\cf-frogger\cf-frogger\debug\button.obj
c:\users\bunny\desktop\classes\firstterm\game dev c++\cf-frogger\cf-frogger\debug\command.obj
c:\users\bunny\desktop\classes\firstterm\game dev c++\cf-frogger\cf-frogger\debug\commandqueue.obj
c:\users\bunny\desktop\classes\firstterm\game dev c++\cf-frogger\cf-frogger\debug\component.obj
c:\users\bunny\desktop\classes\firstterm\game dev c++\cf-frogger\cf-frogger\debug\container.obj
c:\users\bunny\desktop\classes\firstterm\game dev c++\cf-frogger\cf-frogger\debug\datatables.obj
c:\users\bunny\desktop\classes\firstterm\game dev c++\cf-frogger\cf-frogger\debug\demonode.obj
c:\users\bunny\desktop\classes\firstterm\game dev c++\cf-frogger\cf-frogger\debug\emmitter.obj
c:\users\bunny\desktop\classes\firstterm\game dev c++\cf-frogger\cf-frogger\debug\entity.obj
c:\users\bunny\desktop\classes\firstterm\game dev c++\cf-frogger\cf-frogger\debug\fontholder.obj
c:\users\bunny\desktop\classes\firstterm\game dev c++\cf-frogger\cf-frogger\debug\gameover.obj
c:\users\bunny\desktop\classes\firstterm\game dev c++\cf-frogger\cf-frogger\debug\gamestate.obj
c:\users\bunny\desktop\classes\firstterm\game dev c++\cf-frogger\cf-frogger\debug\gexstate.obj
c:\users\bunny\desktop\classes\firstterm\game dev c++\cf-frogger\cf-frogger\debug\jsonframeparser.obj
c:\users\bunny\desktop\classes\firstterm\game dev c++\cf-frogger\debug\cf-frogger.ilk
c:\users\bunny\desktop\classes\firstterm\game dev c++\cf-frogger\debug\cf-frogger.exe
c:\users\bunny\desktop\classes\firstterm\game dev c++\cf-frogger\debug\cf-frogger.pdb
c:\users\bunny\desktop\classes\firstterm\game dev c++\cf-frogger\cf-frogger\debug\cf-frogger.tlog\cl.command.1.tlog
c:\users\bunny\desktop\classes\firstterm\game dev c++\cf-frogger\cf-frogger\debug\cf-frogger.tlog\cl.read.1.tlog
c:\users\bunny\desktop\classes\firstterm\game dev c++\cf-frogger\cf-frogger\debug\cf-frogger.tlog\cl.write.1.tlog
c:\users\bunny\desktop\classes\firstterm\game dev c++\cf-frogger\cf-frogger\debug\cf-frogger.tlog\link.command.1.tlog
c:\users\bunny\desktop\classes\firstterm\game dev c++\cf-frogger\cf-frogger\debug\cf-frogger.tlog\link.read.1.tlog
c:\users\bunny\desktop\classes\firstterm\game dev c++\cf-frogger\cf-frogger\debug\cf-frogger.tlog\link.write.1.tlog
