c:\users\bunny\desktop\classes\firstterm\game dev c++\cf-frogger\cf-frogger\release\vc140.pdb
c:\users\bunny\desktop\classes\firstterm\game dev c++\cf-frogger\cf-frogger\release\musicplayer.obj
c:\users\bunny\desktop\classes\firstterm\game dev c++\cf-frogger\cf-frogger\release\menustate.obj
c:\users\bunny\desktop\classes\firstterm\game dev c++\cf-frogger\cf-frogger\release\label.obj
c:\users\bunny\desktop\classes\firstterm\game dev c++\cf-frogger\cf-frogger\release\jsonframeparser.obj
c:\users\bunny\desktop\classes\firstterm\game dev c++\cf-frogger\cf-frogger\release\gexstate.obj
c:\users\bunny\desktop\classes\firstterm\game dev c++\cf-frogger\cf-frogger\release\gamestate.obj
c:\users\bunny\desktop\classes\firstterm\game dev c++\cf-frogger\cf-frogger\release\gameover.obj
c:\users\bunny\desktop\classes\firstterm\game dev c++\cf-frogger\cf-frogger\release\fontholder.obj
c:\users\bunny\desktop\classes\firstterm\game dev c++\cf-frogger\cf-frogger\release\entity.obj
c:\users\bunny\desktop\classes\firstterm\game dev c++\cf-frogger\cf-frogger\release\emmitter.obj
c:\users\bunny\desktop\classes\firstterm\game dev c++\cf-frogger\cf-frogger\release\demonode.obj
c:\users\bunny\desktop\classes\firstterm\game dev c++\cf-frogger\cf-frogger\release\datatables.obj
c:\users\bunny\desktop\classes\firstterm\game dev c++\cf-frogger\cf-frogger\release\container.obj
c:\users\bunny\desktop\classes\firstterm\game dev c++\cf-frogger\cf-frogger\release\component.obj
c:\users\bunny\desktop\classes\firstterm\game dev c++\cf-frogger\cf-frogger\release\commandqueue.obj
c:\users\bunny\desktop\classes\firstterm\game dev c++\cf-frogger\cf-frogger\release\command.obj
c:\users\bunny\desktop\classes\firstterm\game dev c++\cf-frogger\cf-frogger\release\button.obj
c:\users\bunny\desktop\classes\firstterm\game dev c++\cf-frogger\cf-frogger\release\application.obj
c:\users\bunny\desktop\classes\firstterm\game dev c++\cf-frogger\cf-frogger\release\animation2.obj
c:\users\bunny\desktop\classes\firstterm\game dev c++\cf-frogger\cf-frogger\release\animation.obj
c:\users\bunny\desktop\classes\firstterm\game dev c++\cf-frogger\cf-frogger\release\world.obj
c:\users\bunny\desktop\classes\firstterm\game dev c++\cf-frogger\cf-frogger\release\utility.obj
c:\users\bunny\desktop\classes\firstterm\game dev c++\cf-frogger\cf-frogger\release\titlestate.obj
c:\users\bunny\desktop\classes\firstterm\game dev c++\cf-frogger\cf-frogger\release\textureholder.obj
c:\users\bunny\desktop\classes\firstterm\game dev c++\cf-frogger\cf-frogger\release\textnode.obj
c:\users\bunny\desktop\classes\firstterm\game dev c++\cf-frogger\cf-frogger\release\statestack.obj
c:\users\bunny\desktop\classes\firstterm\game dev c++\cf-frogger\cf-frogger\release\state.obj
c:\users\bunny\desktop\classes\firstterm\game dev c++\cf-frogger\cf-frogger\release\spritenode.obj
c:\users\bunny\desktop\classes\firstterm\game dev c++\cf-frogger\cf-frogger\release\source.obj
c:\users\bunny\desktop\classes\firstterm\game dev c++\cf-frogger\cf-frogger\release\soundplayer.obj
c:\users\bunny\desktop\classes\firstterm\game dev c++\cf-frogger\cf-frogger\release\soundnode.obj
c:\users\bunny\desktop\classes\firstterm\game dev c++\cf-frogger\cf-frogger\release\soundbufferholder.obj
c:\users\bunny\desktop\classes\firstterm\game dev c++\cf-frogger\cf-frogger\release\scenenode.obj
c:\users\bunny\desktop\classes\firstterm\game dev c++\cf-frogger\cf-frogger\release\playercontrol.obj
c:\users\bunny\desktop\classes\firstterm\game dev c++\cf-frogger\cf-frogger\release\plane.obj
c:\users\bunny\desktop\classes\firstterm\game dev c++\cf-frogger\cf-frogger\release\pausestate.obj
c:\users\bunny\desktop\classes\firstterm\game dev c++\cf-frogger\cf-frogger\release\particlenode.obj
c:\users\bunny\desktop\classes\firstterm\game dev c++\cf-frogger\cf-frogger\release\cf-frogger.tlog\cl.command.1.tlog
c:\users\bunny\desktop\classes\firstterm\game dev c++\cf-frogger\cf-frogger\release\cf-frogger.tlog\cl.read.1.tlog
c:\users\bunny\desktop\classes\firstterm\game dev c++\cf-frogger\cf-frogger\release\cf-frogger.tlog\cl.write.1.tlog
c:\users\bunny\desktop\classes\firstterm\game dev c++\cf-frogger\cf-frogger\release\cf-frogger.tlog\link.command.1.tlog
c:\users\bunny\desktop\classes\firstterm\game dev c++\cf-frogger\cf-frogger\release\cf-frogger.tlog\link.read.1.tlog
c:\users\bunny\desktop\classes\firstterm\game dev c++\cf-frogger\cf-frogger\release\cf-frogger.tlog\link.write.1.tlog
